2025-08-14 10:36:44,941 [INFO] Activator:176 - 


2025-08-14 10:36:44,943 [INFO] Activator:177 - !SESSION log4j initialized
2025-08-14 10:36:53,751 [INFO] LogOutputStream:77 - [STDOUT_REDIRECT] 
2025-08-14 10:36:57,026 [INFO] ApplicationProperties:184 - Using Application install path: /opt/st/stm32cubeide_1.19.0/plugins/com.st.stm32cube.common.mx_6.15.0.202507011659
2025-08-14 10:36:57,736 [INFO] DbMcusXml:78 - Set database path to: /opt/st/stm32cubeide_1.19.0/plugins/com.st.stm32cube.common.mx_6.15.0.202507011659//db//mcu/
2025-08-14 10:36:57,737 [INFO] ApiDb:274 - Set plugin database path to: /opt/st/stm32cubeide_1.19.0/plugins/com.st.stm32cube.common.mx_6.15.0.202507011659//db//plugins/boardmanager/
2025-08-14 10:36:57,738 [WARN] ApiDb:259 - Overriding images path with different value:  => /opt/st/stm32cubeide_1.19.0/plugins/com.st.stm32cube.common.mx_6.15.0.202507011659//db//plugins/mcufinder/images/
2025-08-14 10:36:57,810 [INFO] ApiDb:250 - Set database path to: /home/sahil/.stmcufinder/plugins/mcufinder//mcu/
2025-08-14 10:36:57,832 [INFO] DbMcusAds:125 - Set database path to: /home/sahil/.stmcufinder/plugins/mcufinder//mcu/
2025-08-14 10:36:57,838 [INFO] CrossReferenceDbSqlite:203 - Set database path to: /home/sahil/.stmcufinder/plugins/mcufinder//mcu/cs/
2025-08-14 10:36:58,067 [INFO] RulesReader:64 - Compatibility file has been processed (317 Rules)
2025-08-14 10:36:58,351 [INFO] DbMcusXml:78 - Set database path to: /opt/st/stm32cubeide_1.19.0/plugins/com.st.stm32cube.common.mx_6.15.0.202507011659//db//mcu/
2025-08-14 10:36:58,351 [INFO] ApiDb:274 - Set plugin database path to: /opt/st/stm32cubeide_1.19.0/plugins/com.st.stm32cube.common.mx_6.15.0.202507011659//db//plugins/boardmanager/
2025-08-14 10:36:58,352 [INFO] ApiDb:261 - Set plugin images path to: /opt/st/stm32cubeide_1.19.0/plugins/com.st.stm32cube.common.mx_6.15.0.202507011659//db//plugins/mcufinder/images/
2025-08-14 10:36:58,352 [WARN] DbFile:41 - Overriding database path with different value: /home/sahil/.stmcufinder/plugins/mcufinder/ => /home/sahil/.stmcufinder/plugins/mcufinder
2025-08-14 10:36:58,352 [INFO] ApiDb:250 - Set database path to: /home/sahil/.stmcufinder/plugins/mcufinder//mcu/
2025-08-14 10:36:58,352 [WARN] DbFile:41 - Overriding database path with different value: /home/sahil/.stmcufinder/plugins/mcufinder/ => /home/sahil/.stmcufinder/plugins/mcufinder
2025-08-14 10:36:58,353 [INFO] DbMcusAds:125 - Set database path to: /home/sahil/.stmcufinder/plugins/mcufinder//mcu/
2025-08-14 10:36:58,353 [WARN] DbFile:41 - Overriding database path with different value: /home/sahil/.stmcufinder/plugins/mcufinder/ => /home/sahil/.stmcufinder/plugins/mcufinder
2025-08-14 10:36:58,353 [WARN] DbFile:41 - Overriding database path with different value: /home/sahil/.stmcufinder/plugins/mcufinder/ => /home/sahil/.stmcufinder/plugins/mcufinder
2025-08-14 10:36:58,353 [INFO] CrossReferenceDbSqlite:203 - Set database path to: /home/sahil/.stmcufinder/plugins/mcufinder//mcu/cs/
2025-08-14 10:36:58,579 [INFO] MainPanel:274 - HeapMemory: 268435456
2025-08-14 10:36:59,212 [INFO] DbMcusXml:78 - Set database path to: /opt/st/stm32cubeide_1.19.0/plugins/com.st.stm32cube.common.mx_6.15.0.202507011659//db//mcu/
2025-08-14 10:36:59,212 [INFO] ApiDb:274 - Set plugin database path to: /opt/st/stm32cubeide_1.19.0/plugins/com.st.stm32cube.common.mx_6.15.0.202507011659//db//plugins/boardmanager/
2025-08-14 10:36:59,212 [INFO] ApiDb:261 - Set plugin images path to: /opt/st/stm32cubeide_1.19.0/plugins/com.st.stm32cube.common.mx_6.15.0.202507011659//db//plugins/mcufinder/images/
2025-08-14 10:36:59,213 [WARN] DbFile:41 - Overriding database path with different value: /home/sahil/.stmcufinder/plugins/mcufinder/ => /home/sahil/.stmcufinder/plugins/mcufinder
2025-08-14 10:36:59,213 [INFO] ApiDb:250 - Set database path to: /home/sahil/.stmcufinder/plugins/mcufinder//mcu/
2025-08-14 10:36:59,213 [WARN] DbFile:41 - Overriding database path with different value: /home/sahil/.stmcufinder/plugins/mcufinder/ => /home/sahil/.stmcufinder/plugins/mcufinder
2025-08-14 10:36:59,213 [INFO] DbMcusAds:125 - Set database path to: /home/sahil/.stmcufinder/plugins/mcufinder//mcu/
2025-08-14 10:36:59,213 [WARN] DbFile:41 - Overriding database path with different value: /home/sahil/.stmcufinder/plugins/mcufinder/ => /home/sahil/.stmcufinder/plugins/mcufinder
2025-08-14 10:36:59,213 [WARN] DbFile:41 - Overriding database path with different value: /home/sahil/.stmcufinder/plugins/mcufinder/ => /home/sahil/.stmcufinder/plugins/mcufinder
2025-08-14 10:36:59,213 [INFO] CrossReferenceDbSqlite:203 - Set database path to: /home/sahil/.stmcufinder/plugins/mcufinder//mcu/cs/
2025-08-14 10:36:59,237 [INFO] ApplicationProperties:184 - Using Application install path: /opt/st/stm32cubeide_1.19.0/plugins/com.st.stm32cube.common.mx_6.15.0.202507011659
2025-08-14 10:36:59,239 [INFO] PluginManage:196 - Search for loadable plugins [exclusion list=, ]
2025-08-14 10:36:59,240 [INFO] PluginManage:310 - Check plugin analytics
2025-08-14 10:36:59,587 [INFO] AnalyticsPlugin:253 - Accepted Software Licenses: STM32CubeMX.6.15.0
2025-08-14 10:36:59,587 [INFO] AnalyticsPlugin:255 - Accepted CMSIS Pack Licenses: 
2025-08-14 10:36:59,587 [INFO] AnalyticsPlugin:257 - Accepted Firmware Licenses: 
2025-08-14 10:36:59,589 [INFO] PluginManage:359 - Loaded plugin analytics (category:tool,tabindex:-1)
2025-08-14 10:36:59,590 [INFO] PluginManage:310 - Check plugin cadmodel
2025-08-14 10:36:59,632 [INFO] CADModel:105 - Init CAD model plugin
2025-08-14 10:36:59,632 [INFO] PluginManage:359 - Loaded plugin cadmodel (category:power,tabindex:5)
2025-08-14 10:36:59,633 [INFO] PluginManage:310 - Check plugin clock
2025-08-14 10:36:59,664 [INFO] PluginManage:359 - Loaded plugin clock (category:base,tabindex:2)
2025-08-14 10:36:59,665 [INFO] PluginManage:310 - Check plugin ddr
2025-08-14 10:36:59,687 [INFO] PluginManage:359 - Loaded plugin ddr (category:tool,tabindex:6)
2025-08-14 10:36:59,687 [INFO] PluginManage:310 - Check plugin filemanager
2025-08-14 10:37:00,127 [INFO] PluginManage:359 - Loaded plugin filemanager (category:base,tabindex:10)
2025-08-14 10:37:00,127 [INFO] PluginManage:310 - Check plugin ipmanager
2025-08-14 10:37:00,176 [INFO] PluginManage:359 - Loaded plugin ipmanager (category:base,tabindex:5)
2025-08-14 10:37:00,176 [INFO] PluginManage:310 - Check plugin lpbam
2025-08-14 10:37:00,384 [INFO] PluginManage:359 - Loaded plugin lpbam (category:base,tabindex:0)
2025-08-14 10:37:00,385 [INFO] PluginManage:310 - Check plugin memorymap
2025-08-14 10:37:00,427 [INFO] PluginManage:359 - Loaded plugin memorymap (category:base,tabindex:4)
2025-08-14 10:37:00,427 [INFO] PluginManage:310 - Check plugin pinoutandconfiguration
2025-08-14 10:37:00,459 [INFO] PluginManage:359 - Loaded plugin pinoutandconfiguration (category:base,tabindex:1)
2025-08-14 10:37:00,459 [INFO] PluginManage:310 - Check plugin pinoutconfig
2025-08-14 10:37:00,645 [WARN] SupportedApi:132 - Cannot load RTOS API schema: s4s-elt-must-match.1: The content of 'definitions' must match (annotation?, (simpleType | complexType)?, (unique | key | keyref)*)). A problem was found starting at: attribute.
2025-08-14 10:37:00,804 [INFO] PluginManage:359 - Loaded plugin pinoutconfig (category:base,tabindex:0)
2025-08-14 10:37:00,804 [INFO] PluginManage:310 - Check plugin power
2025-08-14 10:37:00,843 [INFO] PluginManage:359 - Loaded plugin power (category:power,tabindex:4)
2025-08-14 10:37:00,843 [INFO] PluginManage:310 - Check plugin projectmanager
2025-08-14 10:37:00,879 [INFO] PluginManage:359 - Loaded plugin projectmanager (category:projectmanager,tabindex:4)
2025-08-14 10:37:00,879 [INFO] PluginManage:310 - Check plugin rif
2025-08-14 10:37:00,912 [INFO] PluginManage:359 - Loaded plugin rif (category:base,tabindex:3)
2025-08-14 10:37:00,912 [INFO] PluginManage:310 - Check plugin thirdparty
2025-08-14 10:37:01,483 [INFO] PluginManage:359 - Loaded plugin thirdparty (category:base,tabindex:-1)
2025-08-14 10:37:01,483 [INFO] PluginManage:310 - Check plugin tools
2025-08-14 10:37:01,483 [WARN] IntegrityCheckThread:84 - waiting for thirdparty lock release [integrity check]
2025-08-14 10:37:01,483 [INFO] IntegrityCheckThread:86 - entering critical section [integrity check]
2025-08-14 10:37:01,483 [INFO] ThirdPartyUpdaterWithRetryManager:70 - Updater plugin not ready yet. [1/15]
2025-08-14 10:37:01,498 [INFO] PluginManage:359 - Loaded plugin tools (category:base,tabindex:7)
2025-08-14 10:37:01,498 [INFO] PluginManage:310 - Check plugin tutovideos
2025-08-14 10:37:01,809 [INFO] PluginManage:359 - Loaded plugin tutovideos (category:base,tabindex:-1)
2025-08-14 10:37:01,810 [INFO] PluginManage:310 - Check plugin updater
2025-08-14 10:37:01,852 [INFO] PluginManage:359 - Loaded plugin updater (category:base,tabindex:12)
2025-08-14 10:37:01,852 [INFO] PluginManage:310 - Check plugin userauth
2025-08-14 10:37:01,866 [INFO] UserAuth:118 - Init User Auth plugin
2025-08-14 10:37:01,867 [INFO] PluginManage:359 - Loaded plugin userauth (category:base,tabindex:14)
2025-08-14 10:37:01,868 [INFO] PluginManage:283 - PluginManage : Loaded plugins [18]
2025-08-14 10:37:02,293 [INFO] PinOutPanel:1589 - setPackage(No Configuration,No Configuration)
2025-08-14 10:37:02,481 [INFO] CADModel:165 - CPN selected for project level
2025-08-14 10:37:02,481 [INFO] CADModel:114 - Register for checkConnection events
2025-08-14 10:37:02,521 [INFO] IPUIPlugin:80 - create IPUIPlugin
2025-08-14 10:37:02,521 [INFO] PluginManager:220 - loadIPPluginJar : add dfsdm
2025-08-14 10:37:02,525 [INFO] IPUIPlugin:80 - create IPUIPlugin
2025-08-14 10:37:02,525 [INFO] PluginManager:220 - loadIPPluginJar : add gtzc
2025-08-14 10:37:02,527 [INFO] IPUIPlugin:80 - create IPUIPlugin
2025-08-14 10:37:02,527 [INFO] PluginManager:220 - loadIPPluginJar : add comp
2025-08-14 10:37:02,529 [INFO] IPUIPlugin:80 - create IPUIPlugin
2025-08-14 10:37:02,529 [INFO] PluginManager:220 - loadIPPluginJar : add genericplugin
2025-08-14 10:37:02,540 [INFO] IPUIPlugin:80 - create IPUIPlugin
2025-08-14 10:37:02,540 [INFO] PluginManager:220 - loadIPPluginJar : add i2c
2025-08-14 10:37:02,557 [INFO] IPUIPlugin:80 - create IPUIPlugin
2025-08-14 10:37:02,557 [INFO] PluginManager:220 - loadIPPluginJar : add ipddr
2025-08-14 10:37:02,565 [INFO] IPUIPlugin:80 - create IPUIPlugin
2025-08-14 10:37:02,565 [INFO] PluginManager:220 - loadIPPluginJar : add cryp
2025-08-14 10:37:02,567 [INFO] IPUIPlugin:80 - create IPUIPlugin
2025-08-14 10:37:02,567 [INFO] PluginManager:220 - loadIPPluginJar : add aes
2025-08-14 10:37:02,569 [INFO] IPUIPlugin:80 - create IPUIPlugin
2025-08-14 10:37:02,569 [INFO] PluginManager:220 - loadIPPluginJar : add extmemmanager
2025-08-14 10:37:02,571 [INFO] IPUIPlugin:80 - create IPUIPlugin
2025-08-14 10:37:02,571 [INFO] PluginManager:220 - loadIPPluginJar : add i3c
2025-08-14 10:37:02,573 [INFO] IPUIPlugin:80 - create IPUIPlugin
2025-08-14 10:37:02,573 [INFO] PluginManager:220 - loadIPPluginJar : add gfxmmu
2025-08-14 10:37:02,588 [INFO] IPUIPlugin:80 - create IPUIPlugin
2025-08-14 10:37:02,588 [INFO] PluginManager:220 - loadIPPluginJar : add usart
2025-08-14 10:37:02,589 [INFO] IPUIPlugin:80 - create IPUIPlugin
2025-08-14 10:37:02,589 [INFO] PluginManager:220 - loadIPPluginJar : add tim
2025-08-14 10:37:02,591 [INFO] IPUIPlugin:80 - create IPUIPlugin
2025-08-14 10:37:02,591 [INFO] PluginManager:220 - loadIPPluginJar : add radio
2025-08-14 10:37:02,593 [INFO] IPUIPlugin:80 - create IPUIPlugin
2025-08-14 10:37:02,593 [INFO] PluginManager:220 - loadIPPluginJar : add dma3
2025-08-14 10:37:02,595 [INFO] IPUIPlugin:80 - create IPUIPlugin
2025-08-14 10:37:02,596 [INFO] PluginManager:220 - loadIPPluginJar : add touchsensing
2025-08-14 10:37:02,616 [INFO] IPUIPlugin:80 - create IPUIPlugin
2025-08-14 10:37:02,616 [INFO] PluginManager:220 - loadIPPluginJar : add gpio
2025-08-14 10:37:02,618 [INFO] IPUIPlugin:80 - create IPUIPlugin
2025-08-14 10:37:02,618 [INFO] PluginManager:220 - loadIPPluginJar : add openamp
2025-08-14 10:37:02,620 [INFO] IPUIPlugin:80 - create IPUIPlugin
2025-08-14 10:37:02,620 [INFO] PluginManager:220 - loadIPPluginJar : add spi
2025-08-14 10:37:02,622 [INFO] IPUIPlugin:80 - create IPUIPlugin
2025-08-14 10:37:02,622 [INFO] PluginManager:220 - loadIPPluginJar : add can
2025-08-14 10:37:02,648 [INFO] IPUIPlugin:80 - create IPUIPlugin
2025-08-14 10:37:02,648 [INFO] PluginManager:220 - loadIPPluginJar : add ddr_ctrl_phy
2025-08-14 10:37:02,662 [INFO] IPUIPlugin:80 - create IPUIPlugin
2025-08-14 10:37:02,664 [INFO] PluginManager:220 - loadIPPluginJar : add plateformsettings
2025-08-14 10:37:02,670 [INFO] IPUIPlugin:80 - create IPUIPlugin
2025-08-14 10:37:02,670 [INFO] PluginManager:220 - loadIPPluginJar : add adc
2025-08-14 10:37:02,671 [INFO] IPUIPlugin:80 - create IPUIPlugin
2025-08-14 10:37:02,671 [INFO] PluginManager:220 - loadIPPluginJar : add fatfs
2025-08-14 10:37:02,673 [INFO] IPUIPlugin:80 - create IPUIPlugin
2025-08-14 10:37:02,673 [INFO] PluginManager:220 - loadIPPluginJar : add ucpd
2025-08-14 10:37:02,684 [INFO] IPUIPlugin:80 - create IPUIPlugin
2025-08-14 10:37:02,684 [INFO] PluginManager:220 - loadIPPluginJar : add dma
2025-08-14 10:37:02,686 [INFO] IPUIPlugin:80 - create IPUIPlugin
2025-08-14 10:37:02,686 [INFO] PluginManager:220 - loadIPPluginJar : add ts
2025-08-14 10:37:02,691 [INFO] IPUIPlugin:80 - create IPUIPlugin
2025-08-14 10:37:02,691 [INFO] PluginManager:220 - loadIPPluginJar : add stm32_wpan
2025-08-14 10:37:02,694 [INFO] IPUIPlugin:80 - create IPUIPlugin
2025-08-14 10:37:02,694 [INFO] PluginManager:220 - loadIPPluginJar : add lorawan
2025-08-14 10:37:02,702 [INFO] IPUIPlugin:80 - create IPUIPlugin
2025-08-14 10:37:02,702 [INFO] PluginManager:220 - loadIPPluginJar : add nvic
2025-08-14 10:37:02,704 [INFO] IPUIPlugin:80 - create IPUIPlugin
2025-08-14 10:37:02,704 [INFO] PluginManager:220 - loadIPPluginJar : add tracer_emb
2025-08-14 10:37:02,714 [INFO] IPUIPlugin:80 - create IPUIPlugin
2025-08-14 10:37:02,714 [INFO] PluginManager:220 - loadIPPluginJar : add mdma
2025-08-14 10:37:02,716 [INFO] IPUIPlugin:80 - create IPUIPlugin
2025-08-14 10:37:02,716 [INFO] PluginManager:220 - loadIPPluginJar : add hash
2025-08-14 10:37:02,720 [INFO] IPUIPlugin:80 - create IPUIPlugin
2025-08-14 10:37:02,720 [INFO] PluginManager:220 - loadIPPluginJar : add gic
2025-08-14 10:37:02,723 [INFO] IPUIPlugin:80 - create IPUIPlugin
2025-08-14 10:37:02,723 [INFO] PluginManager:220 - loadIPPluginJar : add usbx
2025-08-14 10:37:02,737 [INFO] IPUIPlugin:80 - create IPUIPlugin
2025-08-14 10:37:02,737 [INFO] PluginManager:220 - loadIPPluginJar : add resmgrutility
2025-08-14 10:37:02,740 [INFO] IPUIPlugin:80 - create IPUIPlugin
2025-08-14 10:37:02,740 [INFO] PluginManager:220 - loadIPPluginJar : add opamp
2025-08-14 10:37:02,744 [INFO] IPUIPlugin:80 - create IPUIPlugin
2025-08-14 10:37:02,744 [INFO] PluginManager:220 - loadIPPluginJar : add sai
2025-08-14 10:37:02,746 [INFO] IPUIPlugin:80 - create IPUIPlugin
2025-08-14 10:37:02,746 [INFO] PluginManager:220 - loadIPPluginJar : add ltdc
2025-08-14 10:37:02,747 [INFO] IPUIPlugin:80 - create IPUIPlugin
2025-08-14 10:37:02,747 [INFO] PluginManager:220 - loadIPPluginJar : add tsc
2025-08-14 10:37:02,759 [INFO] IPUIPlugin:80 - create IPUIPlugin
2025-08-14 10:37:02,759 [INFO] PluginManager:220 - loadIPPluginJar : add linkedlist
2025-08-14 10:37:02,762 [INFO] IPUIPlugin:80 - create IPUIPlugin
2025-08-14 10:37:02,762 [INFO] PluginManager:220 - loadIPPluginJar : add pdm2pcm
2025-08-14 10:37:02,779 [INFO] IPUIPlugin:80 - create IPUIPlugin
2025-08-14 10:37:02,780 [INFO] PluginManager:220 - loadIPPluginJar : add freertos
2025-08-14 10:37:02,782 [INFO] IPUIPlugin:80 - create IPUIPlugin
2025-08-14 10:37:02,782 [INFO] PluginManager:220 - loadIPPluginJar : add i2s
2025-08-14 10:37:02,784 [INFO] IPUIPlugin:80 - create IPUIPlugin
2025-08-14 10:37:02,784 [INFO] PluginManager:220 - loadIPPluginJar : add quadspi
2025-08-14 10:37:02,788 [INFO] IPUIPlugin:80 - create IPUIPlugin
2025-08-14 10:37:02,788 [INFO] PluginManager:220 - loadIPPluginJar : add fmc
2025-08-14 10:37:02,935 [FATAL] Updater:351 - Updater called before beeing initialized
2025-08-14 10:37:03,097 [INFO] RulesReader:64 - Compatibility file has been processed (317 Rules)
2025-08-14 10:37:03,108 [INFO] RulesReader:64 - Compatibility file has been processed (317 Rules)
2025-08-14 10:37:03,115 [INFO] CADModel:165 - CPN selected for project level
2025-08-14 10:37:03,115 [INFO] CADModel:114 - Register for checkConnection events
2025-08-14 10:37:03,115 [FATAL] Updater:351 - Updater called before beeing initialized
2025-08-14 10:37:03,115 [ERROR] CADModel:125 - Updater not yet initialized, retry later 
2025-08-14 10:37:03,409 [FATAL] Updater:351 - Updater called before beeing initialized
2025-08-14 10:37:03,420 [INFO] CADModel:165 - CPN selected for project level
2025-08-14 10:37:03,420 [INFO] CADModel:114 - Register for checkConnection events
2025-08-14 10:37:03,421 [FATAL] Updater:351 - Updater called before beeing initialized
2025-08-14 10:37:03,421 [ERROR] CADModel:125 - Updater not yet initialized, retry later 
2025-08-14 10:37:03,424 [FATAL] Updater:351 - Updater called before beeing initialized
2025-08-14 10:37:03,538 [FATAL] Updater:351 - Updater called before beeing initialized
2025-08-14 10:37:03,560 [INFO] DbMcusAds:53 - JSON generation date=Tue Jul 08 09:14:23 BST 2025 (1751962463593)
2025-08-14 10:37:03,560 [FATAL] Updater:351 - Updater called before beeing initialized
2025-08-14 10:37:03,676 [WARN] DetailPanel:346 - Failed to get advertising image, set to default
2025-08-14 10:37:03,771 [FATAL] Updater:351 - Updater called before beeing initialized
2025-08-14 10:37:03,773 [FATAL] Updater:351 - Updater called before beeing initialized
2025-08-14 10:37:03,774 [FATAL] Updater:351 - Updater called before beeing initialized
2025-08-14 10:37:03,774 [WARN] DetailPanel:346 - Failed to get advertising image, set to default
2025-08-14 10:37:03,775 [FATAL] Updater:351 - Updater called before beeing initialized
2025-08-14 10:37:03,855 [ERROR] Updater:1198 - MainUpdater not yet initialized. External WinMGr cannot be set.
2025-08-14 10:37:03,863 [INFO] Updater:1134 - Updater Version found : 6.15.0
2025-08-14 10:37:03,907 [INFO] ApplicationProperties:184 - Using Application install path: /opt/st/stm32cubeide_1.19.0/plugins/com.st.stm32cube.common.mx_6.15.0.202507011659
2025-08-14 10:37:03,954 [ERROR] LogOutputStream:75 - [STDERR_REDIRECT] Aug 14, 2025 10:37:03 AM java.util.prefs.FileSystemPreferences$2 run
2025-08-14 10:37:03,955 [ERROR] LogOutputStream:75 - [STDERR_REDIRECT] WARNING: Could not create system preferences directory. System preferences are unusable.
2025-08-14 10:37:03,955 [ERROR] LogOutputStream:75 - [STDERR_REDIRECT] 
2025-08-14 10:37:04,362 [INFO] MainUpdater:2872 - connection check result : 10
2025-08-14 10:37:04,364 [INFO] MainUpdater:289 - Updater Check For Update Now.
2025-08-14 10:37:04,365 [INFO] MicroXplorer:498 - Change Database Version : DB.6.0.150
2025-08-14 10:37:04,382 [INFO] McuFinderGlobals:63 - Set McuFinder mode to 2 (CubeIDE integrated)
2025-08-14 10:37:04,382 [INFO] UserAuth:171 - activating auth plugin
2025-08-14 10:37:04,391 [INFO] UserAuth:487 - Internet connection configuration mode: 1
2025-08-14 10:37:04,484 [WARN] MainUpdater:1193 - Updater busy. Cannot search thirdparties
2025-08-14 10:37:04,484 [INFO] ThirdPartyUpdaterWithRetryManager:96 - Updater plugin is busy. [1/15]
2025-08-14 10:37:04,616 [INFO] JxBrowserEngine:152 - Initiate JxBrowser Engine with user profile folder
2025-08-14 10:37:04,926 [INFO] CheckServerUpdateThread:120 - End of CheckServer Thread
2025-08-14 10:37:08,914 [WARN] PackLoader:240 - Cannot read IP mode file for STMicroelectronics.FP-SNS-MOTENVWB1.1.4.0
2025-08-14 10:37:08,951 [WARN] PackLoader:240 - Cannot read IP mode file for STMicroelectronics.FP-ATR-ASTRA1.2.0.2
2025-08-14 10:37:08,978 [WARN] PackLoader:240 - Cannot read IP mode file for STMicroelectronics.X-CUBE-SMBUS.2.1.0
2025-08-14 10:37:08,992 [WARN] PackLoader:240 - Cannot read IP mode file for STMicroelectronics.X-CUBE-ST60.1.0.0
2025-08-14 10:37:09,070 [WARN] PackLoader:240 - Cannot read IP mode file for STMicroelectronics.X-CUBE-AZRTOS-F7.1.1.0
2025-08-14 10:37:09,187 [WARN] PackLoader:240 - Cannot read IP mode file for Infineon.AIROC-Wi-Fi-Bluetooth-STM32.1.7.1
2025-08-14 10:37:09,311 [WARN] PackLoader:240 - Cannot read IP mode file for STMicroelectronics.X-CUBE-AZRTOS-H7.3.4.0
2025-08-14 10:37:09,335 [WARN] PackLoader:240 - Cannot read IP mode file for STMicroelectronics.X-CUBE-DISPLAY.3.0.0
2025-08-14 10:37:09,371 [WARN] PackLoader:240 - Cannot read IP mode file for STMicroelectronics.X-CUBE-NFC10.1.0.0
2025-08-14 10:37:09,409 [WARN] PackLoader:240 - Cannot read IP mode file for emotas.I-CUBE-CANOPEN.1.3.0
2025-08-14 10:37:09,426 [WARN] PackLoader:240 - Cannot read IP mode file for STMicroelectronics.FP-SNS-STBOX1.2.1.0
2025-08-14 10:37:09,438 [WARN] PackLoader:240 - Cannot read IP mode file for STMicroelectronics.FP-SNS-SMARTAG2.1.2.0
2025-08-14 10:37:09,469 [WARN] PackLoader:240 - Cannot read IP mode file for STMicroelectronics.FP-SNS-FLIGHT1.5.1.0
2025-08-14 10:37:09,528 [INFO] LogOutputStream:77 - [STDOUT_REDIRECT] 1 : Invalid condition id : UX_CORESTACK_Condition cause : null
2025-08-14 10:37:09,529 [INFO] LogOutputStream:77 - [STDOUT_REDIRECT] 1 : Invalid condition id : UX_CORESTACK_Condition cause : null
2025-08-14 10:37:09,529 [INFO] LogOutputStream:77 - [STDOUT_REDIRECT] 1 : Invalid condition id : UX_CORESTACK_Condition cause : null
2025-08-14 10:37:09,529 [INFO] LogOutputStream:77 - [STDOUT_REDIRECT] 1 : Invalid condition id : UX_CORESTACK_Condition cause : null
2025-08-14 10:37:09,530 [INFO] LogOutputStream:77 - [STDOUT_REDIRECT] 1 : Invalid condition id : UX_CORESTACK_Condition cause : null
2025-08-14 10:37:09,533 [WARN] PackLoader:240 - Cannot read IP mode file for STMicroelectronics.X-CUBE-AZRTOS-WL.2.0.0
2025-08-14 10:37:09,776 [WARN] PackLoader:240 - Cannot read IP mode file for STMicroelectronics.FP-SNS-MOTENV1.5.0.0
2025-08-14 10:37:09,814 [WARN] PackLoader:240 - Cannot read IP mode file for WES.I-CUBE-Cesium.1.3.0
2025-08-14 10:37:09,830 [WARN] PackLoader:240 - Cannot read IP mode file for STMicroelectronics.X-CUBE-BLE2.3.3.0
2025-08-14 10:37:09,860 [WARN] PackLoader:240 - Cannot read IP mode file for STMicroelectronics.X-CUBE-NFC9.1.0.0
2025-08-14 10:37:09,872 [WARN] PackLoader:240 - Cannot read IP mode file for STMicroelectronics.X-CUBE-BLE1.7.1.0
2025-08-14 10:37:09,904 [WARN] PackLoader:240 - Cannot read IP mode file for STMicroelectronics.X-CUBE-EEPRMA1.5.2.0
2025-08-14 10:37:09,961 [WARN] PackLoader:240 - Cannot read IP mode file for STMicroelectronics.X-CUBE-AZRTOS-G0.1.1.0
2025-08-14 10:37:09,978 [WARN] PackLoader:240 - Cannot read IP mode file for STMicroelectronics.X-CUBE-SAFEA1.1.2.2
2025-08-14 10:37:10,011 [WARN] PackLoader:240 - Cannot read IP mode file for STMicroelectronics.X-CUBE-NFC4.3.0.0
2025-08-14 10:37:10,067 [WARN] PackLoader:240 - Cannot read IP mode file for EmbeddedOffice.I-CUBE-FS-RTOS.1.0.1
2025-08-14 10:37:10,101 [WARN] PackLoader:240 - Cannot read IP mode file for STMicroelectronics.X-CUBE-WB05N.2.0.0
2025-08-14 10:37:10,155 [WARN] PackLoader:240 - Cannot read IP mode file for STMicroelectronics.X-CUBE-TCPP.4.2.0
2025-08-14 10:37:10,186 [WARN] PackLoader:240 - Cannot read IP mode file for RealThread.X-CUBE-RT-Thread_Nano.4.1.1
2025-08-14 10:37:10,202 [WARN] PackLoader:240 - Cannot read IP mode file for STMicroelectronics.FP-ATR-SIGFOX1.3.2.0
2025-08-14 10:37:10,236 [WARN] PackLoader:240 - Cannot read IP mode file for ITTIA_DB.I-CUBE-ITTIADB.8.9.0
2025-08-14 10:37:10,258 [WARN] PackLoader:240 - Cannot read IP mode file for STMicroelectronics.X-CUBE-ST67W61.1.0.0
2025-08-14 10:37:10,284 [WARN] PackLoader:240 - Cannot read IP mode file for STMicroelectronics.X-CUBE-AI.10.2.0
2025-08-14 10:37:10,346 [WARN] PackLoader:240 - Cannot read IP mode file for SEGGER.I-CUBE-embOS.1.3.1
2025-08-14 10:37:10,407 [WARN] PackLoader:240 - Cannot read IP mode file for STMicroelectronics.X-CUBE-ALGOBUILD.1.4.0
2025-08-14 10:37:10,522 [WARN] PackLoader:240 - Cannot read IP mode file for STMicroelectronics.X-CUBE-MEMS1.11.3.0
2025-08-14 10:37:10,687 [WARN] PackLoader:240 - Cannot read IP mode file for STMicroelectronics.X-CUBE-PM33A1.1.0.0
2025-08-14 10:37:10,754 [WARN] PackLoader:240 - Cannot read IP mode file for STMicroelectronics.X-CUBE-AZRTOS-F4.1.1.0
2025-08-14 10:37:10,775 [WARN] PackLoader:240 - Cannot read IP mode file for Avnet-IotConnect.X-CUBE-IoTC-DA16k-PMOD.1.0.0
2025-08-14 10:37:10,812 [WARN] PackLoader:240 - Cannot read IP mode file for STMicroelectronics.X-CUBE-ISPU.2.1.0
2025-08-14 10:37:10,846 [WARN] PackLoader:240 - Cannot read IP mode file for STMicroelectronics.X-CUBE-NFC12.1.0.0
2025-08-14 10:37:10,883 [WARN] PackLoader:240 - Cannot read IP mode file for STMicroelectronics.X-CUBE-AZRTOS-L5.2.0.0
2025-08-14 10:37:10,893 [WARN] PackLoader:240 - Cannot read IP mode file for STMicroelectronics.X-CUBE-NFC6.3.1.0
2025-08-14 10:37:10,912 [WARN] PackLoader:240 - Cannot read IP mode file for STMicroelectronics.X-CUBE-FREERTOS.1.3.1
2025-08-14 10:37:10,941 [WARN] PackLoader:240 - Cannot read IP mode file for STMicroelectronics.FP-SNS-STAIOTCFT.1.0.0
2025-08-14 10:37:10,971 [WARN] PackLoader:240 - Cannot read IP mode file for STMicroelectronics.X-CUBE-DPower.1.3.0
2025-08-14 10:37:11,037 [WARN] ConditionMgr:438 - getConditionDescription Invalid condition id : LAN8742 Phy interface Condition cause : null
2025-08-14 10:37:11,038 [WARN] PackLoader:240 - Cannot read IP mode file for STMicroelectronics.X-CUBE-AZRTOS-L4.2.0.0
2025-08-14 10:37:11,040 [WARN] ConditionMgr:1044 - genDependencies : Invalid condition id : LAN8742 Phy interface Condition cause : null
2025-08-14 10:37:11,040 [WARN] ConditionMgr:1044 - genDependencies : Invalid condition id : LAN8742 Phy interface Condition cause : null
2025-08-14 10:37:11,041 [WARN] ConditionMgr:1044 - genDependencies : Invalid condition id : LAN8742 Phy interface Condition cause : null
2025-08-14 10:37:11,064 [WARN] PackLoader:240 - Cannot read IP mode file for STMicroelectronics.X-CUBE-SFXS2LP1.4.0.0
2025-08-14 10:37:11,087 [WARN] PackLoader:240 - Cannot read IP mode file for STMicroelectronics.X-CUBE-BLEMGR.4.1.0
2025-08-14 10:37:11,164 [WARN] ConditionMgr:438 - getConditionDescription Invalid condition id : UX DEVICE CLASS RTOS Condition cause : null
2025-08-14 10:37:11,164 [WARN] ConditionMgr:438 - getConditionDescription Invalid condition id : UX DEVICE CLASS RTOS Condition cause : null
2025-08-14 10:37:11,166 [WARN] PackLoader:240 - Cannot read IP mode file for STMicroelectronics.X-CUBE-AZRTOS-WB.2.0.0
2025-08-14 10:37:11,166 [WARN] ConditionMgr:1044 - genDependencies : Invalid condition id : UX DEVICE CLASS RTOS Condition cause : null
2025-08-14 10:37:11,166 [WARN] ConditionMgr:1044 - genDependencies : Invalid condition id : UX DEVICE CLASS RTOS Condition cause : null
2025-08-14 10:37:11,167 [WARN] ConditionMgr:1044 - genDependencies : Invalid condition id : UX DEVICE CLASS RTOS Condition cause : null
2025-08-14 10:37:11,167 [WARN] ConditionMgr:1044 - genDependencies : Invalid condition id : UX DEVICE CLASS RTOS Condition cause : null
2025-08-14 10:37:11,167 [WARN] ConditionMgr:1044 - genDependencies : Invalid condition id : UX DEVICE CLASS RTOS Condition cause : null
2025-08-14 10:37:11,176 [WARN] PackLoader:240 - Cannot read IP mode file for STMicroelectronics.X-CUBE-GNSS1.7.0.1
2025-08-14 10:37:11,197 [WARN] PackLoader:240 - Cannot read IP mode file for STMicroelectronics.X-CUBE-TOUCHGFX.4.25.0
2025-08-14 10:37:11,225 [WARN] ConditionMgr:438 - getConditionDescription Invalid condition id : Cortex-A Device cause : null
2025-08-14 10:37:11,268 [WARN] ConditionMgr:1044 - genDependencies : Invalid condition id : Cortex-A Device cause : null
2025-08-14 10:37:11,269 [WARN] ConditionMgr:1044 - genDependencies : Invalid condition id : Cortex-A Device cause : null
2025-08-14 10:37:11,269 [WARN] ConditionMgr:1044 - genDependencies : Invalid condition id : Cortex-A Device cause : null
2025-08-14 10:37:11,312 [WARN] PackLoader:240 - Cannot read IP mode file for STMicroelectronics.X-CUBE-SUBG2.5.0.0
2025-08-14 10:37:11,372 [WARN] PackLoader:240 - Cannot read IP mode file for STMicroelectronics.X-CUBE-AZRTOS-H7RS.1.1.0
2025-08-14 10:37:11,399 [WARN] PackLoader:240 - Cannot read IP mode file for Cesanta.I-CUBE-Mongoose.7.13.0
2025-08-14 10:37:11,464 [WARN] PackLoader:240 - Cannot read IP mode file for STMicroelectronics.X-CUBE-AZRTOS-G4.2.0.0
2025-08-14 10:37:11,478 [WARN] PackLoader:240 - Cannot read IP mode file for STMicroelectronics.X-CUBE-NFC7.2.0.0
2025-08-14 10:37:11,540 [WARN] PackLoader:240 - Cannot read IP mode file for STMicroelectronics.X-CUBE-IPS.3.1.0
2025-08-14 10:37:11,577 [WARN] PackLoader:240 - Cannot read IP mode file for STMicroelectronics.X-CUBE-ALS.1.0.2
2025-08-14 10:37:11,602 [WARN] PackLoader:240 - Cannot read IP mode file for portGmbH.I-Cube-SoM-uGOAL.1.1.0
2025-08-14 10:37:11,646 [WARN] PackLoader:240 - Cannot read IP mode file for STMicroelectronics.X-CUBE-TOF1.3.4.3
2025-08-14 10:37:11,658 [INFO] ThirdParty:978 - Integrity check success = true
2025-08-14 10:37:11,659 [INFO] IntegrityCheckThread:100 - exiting critical section [integrity check]
2025-08-14 10:37:11,659 [INFO] IntegrityCheckThread:103 - End integrity checks thread
2025-08-14 10:37:14,368 [ERROR] LogOutputStream:75 - [STDERR_REDIRECT] 
2025-08-14 10:37:14,369 [ERROR] LogOutputStream:75 - [STDERR_REDIRECT] 
